<?xml version="1.0" encoding="UTF-8"?>
<!-- Generated by org.testng.reporters.JUnitReportReporter -->
<testsuite hostname="DESKTOP-PVGUP15" name="amazon.RegressionTesting" tests="1" failures="0" timestamp="16 Feb 2017 18:39:22 GMT" time="47.370" errors="0">
  <testcase name="browser" time="47.370" classname="amazon.RegressionTesting"/>
</testsuite> <!-- amazon.RegressionTesting -->
